<?xml version="1.0" encoding="UTF-8"?>
<!-- Generated by org.testng.reporters.JUnitReportReporter -->
<testsuite hostname="LAPTOP-7RLL2HTM" failures="0" tests="5" name="sdfc_tests.Login_test" time="31.065" errors="0" timestamp="2021-11-22T10:18:34 EST" skipped="0">
  <testcase classname="sdfc_tests.Login_test" name="loginTC_01" time="4.096"/>
  <system-out/>
  <testcase classname="sdfc_tests.Login_test" name="loginTC02" time="6.787"/>
  <system-out/>
  <testcase classname="sdfc_tests.Login_test" name="loginTC03" time="8.277"/>
  <system-out/>
  <testcase classname="sdfc_tests.Login_test" name="loginTC04a" time="3.506"/>
  <system-out/>
  <testcase classname="sdfc_tests.Login_test" name="loginTC04b" time="8.399"/>
  <system-out/>
</testsuite> <!-- sdfc_tests.Login_test -->
