<?xml version="1.0" encoding="UTF-8"?>
<!-- Generated by org.testng.reporters.JUnitReportReporter -->
<testsuite hostname="LAPTOP-7RLL2HTM" failures="0" tests="5" name="sdfc_tests.CreateAccount_test" time="45.419" errors="0" timestamp="2021-11-22T20:04:39 EST" skipped="0">
  <testcase classname="sdfc_tests.CreateAccount_test" name="loginTC_10" time="8.572"/>
  <system-out/>
  <testcase classname="sdfc_tests.CreateAccount_test" name="loginTC_11" time="8.346"/>
  <system-out/>
  <testcase classname="sdfc_tests.CreateAccount_test" name="loginTC_12" time="7.543"/>
  <system-out/>
  <testcase classname="sdfc_tests.CreateAccount_test" name="loginTC_13" time="8.714"/>
  <system-out/>
  <testcase classname="sdfc_tests.CreateAccount_test" name="loginTC_14" time="12.244"/>
  <system-out/>
</testsuite> <!-- sdfc_tests.CreateAccount_test -->
