<?xml version="1.0" encoding="UTF-8"?>
<!-- Generated by org.testng.reporters.JUnitReportReporter -->
<testsuite hostname="LAPTOP-7RLL2HTM" failures="0" tests="1" name="sdfc_tests.CreateOpp_test$CreateAccount_test" time="14.593" errors="0" timestamp="2021-11-13T18:45:11 EST" skipped="0">
  <testcase classname="sdfc_tests.CreateOpp_test$CreateAccount_test" name="loginTC_19" time="14.593"/>
  <system-out/>
</testsuite> <!-- sdfc_tests.CreateOpp_test$CreateAccount_test -->
