<?xml version="1.0" encoding="UTF-8"?>
<!-- Generated by org.testng.reporters.JUnitReportReporter -->
<testsuite hostname="LAPTOP-7RLL2HTM" failures="0" tests="5" name="sdfc_tests.Leads_test" time="44.310" errors="0" timestamp="2021-11-22T20:29:17 EST" skipped="0">
  <testcase classname="sdfc_tests.Leads_test" name="loginTC_20" time="7.220"/>
  <system-out/>
  <testcase classname="sdfc_tests.Leads_test" name="loginTC_21" time="6.094"/>
  <system-out/>
  <testcase classname="sdfc_tests.Leads_test" name="loginTC_22" time="15.047"/>
  <system-out/>
  <testcase classname="sdfc_tests.Leads_test" name="loginTC_23" time="7.473"/>
  <system-out/>
  <testcase classname="sdfc_tests.Leads_test" name="loginTC_24" time="8.476"/>
  <system-out/>
</testsuite> <!-- sdfc_tests.Leads_test -->
